nohup: ignoring input

=== Solvia Lokale Umgebung – Setup startet (Fri Aug  8 20:13:02 UTC 2025) ===
Linux amp-rbc-tox 6.8.0-1033-gcp #35~22.04.1-Ubuntu SMP Thu Jul  3 14:26:25 UTC 2025 x86_64 x86_64 x86_64 GNU/Linux
32
GPU 0: NVIDIA L4 (UUID: GPU-41269e57-acd2-b98d-7d8e-13c9118ffdeb)
name, driver_version, compute_cap
NVIDIA L4, 570.158.01, 8.9
Hit:1 http://us-east4.gce.archive.ubuntu.com/ubuntu jammy InRelease
Hit:2 https://developer.download.nvidia.com/compute/cuda/repos/ubuntu2204/x86_64  InRelease
Hit:3 http://us-east4.gce.archive.ubuntu.com/ubuntu jammy-updates InRelease
Hit:4 http://us-east4.gce.archive.ubuntu.com/ubuntu jammy-backports InRelease
Get:5 http://security.ubuntu.com/ubuntu jammy-security InRelease [129 kB]
Hit:6 https://packages.cloud.google.com/apt google-cloud-ops-agent-jammy-2 InRelease
Fetched 129 kB in 1s (210 kB/s)
Reading package lists...
W: https://developer.download.nvidia.com/compute/cuda/repos/ubuntu2204/x86_64/InRelease: Key is stored in legacy trusted.gpg keyring (/etc/apt/trusted.gpg), see the DEPRECATION section in apt-key(8) for details.
Reading package lists...
Building dependency tree...
Reading state information...
Calculating upgrade...
The following packages have been kept back:
  libnvidia-nscq-550 nvidia-fabricmanager-550 nvidia-fabricmanager-570
0 upgraded, 0 newly installed, 0 to remove and 3 not upgraded.
Reading package lists...
Building dependency tree...
Reading state information...
build-essential is already the newest version (12.9ubuntu3).
libfftw3-dev is already the newest version (3.3.8-2ubuntu8).
libgsl-dev is already the newest version (2.7.1+dfsg-3).
libopenmpi-dev is already the newest version (4.1.2-2ubuntu1).
ninja-build is already the newest version (1.10.1-1).
openmpi-bin is already the newest version (4.1.2-2ubuntu1).
cmake is already the newest version (3.22.1-1ubuntu1.22.04.2).
curl is already the newest version (7.81.0-1ubuntu1.20).
git is already the newest version (1:2.34.1-1ubuntu1.15).
libxml2-dev is already the newest version (2.9.13+dfsg-1ubuntu0.7).
wget is already the newest version (1.21.2-2ubuntu1.1).
libhwloc-dev is already the newest version (2.7.0-2ubuntu1).
0 upgraded, 0 newly installed, 0 to remove and 3 not upgraded.
[INFO] Installiere Mambaforge (user-space) …
[INFO] Lade Mambaforge von https://github.com/conda-forge/miniforge/releases/latest/download/Mambaforge-Linux-x86_64.sh …
  % Total    % Received % Xferd  Average Speed   Time    Time     Time  Current
                                 Dload  Upload   Total   Spent    Left  Speed
  0     0    0     0    0     0      0      0 --:--:-- --:--:-- --:--:--     0  0     0    0     0    0     0      0      0 --:--:-- --:--:-- --:--:--     0
100     9  100     9    0     0     51      0 --:--:-- --:--:-- --:--:--    51
/tmp/Mambaforge-Linux-x86_64.sh: line 1: Not: command not found
